app/build/outputs/logs/manifest-merger-debug-report.txt
-- Merging decision tree log ---
manifest
ADDED from src\main\AndroidManifest.xml:2:1-76:12
	package
		ADDED from src\main\AndroidManifest.xml:3:5-48
		INJECTED from src\main\AndroidManifest.xml
		INJECTED from src\main\AndroidManifest.xml
	android:versionName
		INJECTED from src\main\AndroidManifest.xml
		INJECTED from src\main\AndroidManifest.xml
	xmlns:android
		ADDED from src\main\AndroidManifest.xml:2:11-69
	android:versionCode
		INJECTED from src\main\AndroidManifest.xml
		INJECTED from src\main\AndroidManifest.xml
uses-permission#android.permission.INTERNET
ADDED from src\main\AndroidManifest.xml:5:5-67
	android:name
		ADDED from src\main\AndroidManifest.xml:5:22-64
uses-permission#android.permission.READ_SYNC_SETTINGS
ADDED from src\main\AndroidManifest.xml:8:5-9:63
	android:name
		ADDED from src\main\AndroidManifest.xml:9:9-61
uses-permission#android.permission.AUTHENTICATE_ACCOUNTS
ADDED from src\main\AndroidManifest.xml:10:5-11:66
	android:name
		ADDED from src\main\AndroidManifest.xml:11:9-64
uses-permission#android.permission.WRITE_SYNC_SETTINGS
ADDED from src\main\AndroidManifest.xml:12:5-13:64
	android:name
		ADDED from src\main\AndroidManifest.xml:13:9-62
application
ADDED from src\main\AndroidManifest.xml:15:5-74:19
MERGED from [com.android.support:design:23.2.1] AndroidManifest.xml:22:5-20
MERGED from [com.android.support:support-v4:23.2.1] AndroidManifest.xml:22:5-20
MERGED from [com.android.support:appcompat-v7:23.2.1] AndroidManifest.xml:25:5-20
MERGED from [com.android.support:animated-vector-drawable:23.2.1] AndroidManifest.xml:7:5-20
MERGED from [com.android.support:support-vector-drawable:23.2.1] AndroidManifest.xml:7:5-20
	android:label
		ADDED from src\main\AndroidManifest.xml:18:9-41
	android:supportsRtl
		ADDED from src\main\AndroidManifest.xml:19:9-35
	android:allowBackup
		ADDED from src\main\AndroidManifest.xml:16:9-35
	android:icon
		ADDED from src\main\AndroidManifest.xml:17:9-43
	android:theme
		ADDED from src\main\AndroidManifest.xml:20:9-40
activity#com.example.android.popularmovies.MainActivity
ADDED from src\main\AndroidManifest.xml:21:9-30:20
	android:label
		ADDED from src\main\AndroidManifest.xml:23:13-45
	android:theme
		ADDED from src\main\AndroidManifest.xml:24:13-56
	android:name
		ADDED from src\main\AndroidManifest.xml:22:13-41
intent-filter#android.intent.action.MAIN+android.intent.category.LAUNCHER
ADDED from src\main\AndroidManifest.xml:25:13-29:29
action#android.intent.action.MAIN
ADDED from src\main\AndroidManifest.xml:26:17-69
	android:name
		ADDED from src\main\AndroidManifest.xml:26:25-66
category#android.intent.category.LAUNCHER
ADDED from src\main\AndroidManifest.xml:28:17-77
	android:name
		ADDED from src\main\AndroidManifest.xml:28:27-74
activity#com.example.android.popularmovies.SettingsActivity
ADDED from src\main\AndroidManifest.xml:31:9-38:20
	android:label
		ADDED from src\main\AndroidManifest.xml:33:13-60
	android:parentActivityName
		ADDED from src\main\AndroidManifest.xml:34:13-55
	android:name
		ADDED from src\main\AndroidManifest.xml:32:13-45
meta-data#android.support.PARENT_ACTIVITY
ADDED from src\main\AndroidManifest.xml:35:13-37:82
	android:value
		ADDED from src\main\AndroidManifest.xml:37:17-79
	android:name
		ADDED from src\main\AndroidManifest.xml:36:17-63
activity#com.example.android.popularmovies.DetailActivity
ADDED from src\main\AndroidManifest.xml:39:9-46:20
	android:label
		ADDED from src\main\AndroidManifest.xml:41:13-42
	android:parentActivityName
		ADDED from src\main\AndroidManifest.xml:42:13-55
	android:name
		ADDED from src\main\AndroidManifest.xml:40:13-43
provider#com.example.android.popularmovies.data.MovieProvider
ADDED from src\main\AndroidManifest.xml:47:9-51:39
	android:authorities
		ADDED from src\main\AndroidManifest.xml:48:13-60
	android:syncable
		ADDED from src\main\AndroidManifest.xml:51:13-36
	android:exported
		ADDED from src\main\AndroidManifest.xml:50:13-37
	android:name
		ADDED from src\main\AndroidManifest.xml:49:13-47
service#com.example.android.popularmovies.sync.MovieAuthenticatorService
ADDED from src\main\AndroidManifest.xml:53:9-60:19
	android:name
		ADDED from src\main\AndroidManifest.xml:53:18-64
intent-filter#android.accounts.AccountAuthenticator
ADDED from src\main\AndroidManifest.xml:54:13-56:29
action#android.accounts.AccountAuthenticator
ADDED from src\main\AndroidManifest.xml:55:17-80
	android:name
		ADDED from src\main\AndroidManifest.xml:55:25-77
meta-data#android.accounts.AccountAuthenticator
ADDED from src\main\AndroidManifest.xml:57:13-59:57
	android:resource
		ADDED from src\main\AndroidManifest.xml:59:17-54
	android:name
		ADDED from src\main\AndroidManifest.xml:58:17-69
service#com.example.android.popularmovies.sync.MovieSyncService
ADDED from src\main\AndroidManifest.xml:63:9-73:19
	android:exported
		ADDED from src\main\AndroidManifest.xml:65:13-36
	android:name
		ADDED from src\main\AndroidManifest.xml:64:13-50
intent-filter#android.content.SyncAdapter
ADDED from src\main\AndroidManifest.xml:67:13-69:29
action#android.content.SyncAdapter
ADDED from src\main\AndroidManifest.xml:68:17-70
	android:name
		ADDED from src\main\AndroidManifest.xml:68:25-67
meta-data#android.content.SyncAdapter
ADDED from src\main\AndroidManifest.xml:70:13-72:55
	android:resource
		ADDED from src\main\AndroidManifest.xml:72:17-52
	android:name
		ADDED from src\main\AndroidManifest.xml:71:17-59
uses-sdk
INJECTED from src\main\AndroidManifest.xml reason: use-sdk injection requested
MERGED from [com.android.support:design:23.2.1] AndroidManifest.xml:20:5-43
MERGED from [com.android.support:support-v4:23.2.1] AndroidManifest.xml:20:5-43
MERGED from [com.android.support:appcompat-v7:23.2.1] AndroidManifest.xml:21:5-23:78
MERGED from [com.android.support:animated-vector-drawable:23.2.1] AndroidManifest.xml:5:5-44
MERGED from [com.android.support:support-vector-drawable:23.2.1] AndroidManifest.xml:5:5-43
MERGED from [com.android.support:recyclerview-v7:23.2.1] AndroidManifest.xml:20:5-43
	tools:overrideLibrary
		ADDED from [com.android.support:appcompat-v7:23.2.1] AndroidManifest.xml:23:9-75
	android:targetSdkVersion
		INJECTED from src\main\AndroidManifest.xml
		INJECTED from src\main\AndroidManifest.xml
	android:minSdkVersion
		INJECTED from src\main\AndroidManifest.xml
		INJECTED from src\main\AndroidManifest.xml